2024-09-05T11:40:26.617-05:00  INFO 31540 --- [Test worker] c.k.pdfImage.Pdf2ImageApplicationTests   : Starting Pdf2ImageApplicationTests using Java 20.0.2 with PID 31540 (started by Ranjan in C:\Users\Ranjan\Yendira\Pdf2Image)
2024-09-05T11:40:26.623-05:00  INFO 31540 --- [Test worker] c.k.pdfImage.Pdf2ImageApplicationTests   : No active profile set, falling back to 1 default profile: "default"
2024-09-05T11:40:27.842-05:00  INFO 31540 --- [Test worker] c.k.pdfImage.Pdf2ImageApplicationTests   : Started Pdf2ImageApplicationTests in 1.489 seconds (process running for 2.524)
2024-09-05T11:40:52.297-05:00  INFO 40176 --- [main] c.k.pdfImage.Application                 : Starting Application using Java 20.0.2 with PID 40176 (C:\Users\Ranjan\Yendira\Pdf2Image\build\classes\java\main started by Ranjan in C:\Users\Ranjan\Yendira\Pdf2Image)
2024-09-05T11:40:52.300-05:00  INFO 40176 --- [main] c.k.pdfImage.Application                 : No active profile set, falling back to 1 default profile: "default"
2024-09-05T11:40:53.214-05:00  INFO 40176 --- [main] o.s.b.w.embedded.tomcat.TomcatWebServer  : Tomcat initialized with port 8081 (http)
2024-09-05T11:40:53.224-05:00  INFO 40176 --- [main] o.apache.catalina.core.StandardService   : Starting service [Tomcat]
2024-09-05T11:40:53.224-05:00  INFO 40176 --- [main] o.apache.catalina.core.StandardEngine    : Starting Servlet engine: [Apache Tomcat/10.1.28]
2024-09-05T11:40:53.272-05:00  INFO 40176 --- [main] o.a.c.c.C.[Tomcat].[localhost].[/]       : Initializing Spring embedded WebApplicationContext
2024-09-05T11:40:53.272-05:00  INFO 40176 --- [main] w.s.c.ServletWebServerApplicationContext : Root WebApplicationContext: initialization completed in 932 ms
2024-09-05T11:40:53.690-05:00  WARN 40176 --- [main] ConfigServletWebServerApplicationContext : Exception encountered during context initialization - cancelling refresh attempt: org.springframework.context.ApplicationContextException: Failed to start bean 'webServerStartStop'
2024-09-05T11:40:53.704-05:00  INFO 40176 --- [main] .s.b.a.l.ConditionEvaluationReportLogger : 

Error starting ApplicationContext. To display the condition evaluation report re-run your application with 'debug' enabled.
2024-09-05T11:40:53.722-05:00 ERROR 40176 --- [main] o.s.b.d.LoggingFailureAnalysisReporter   : 

***************************
APPLICATION FAILED TO START
***************************

Description:

Web server failed to start. Port 8081 was already in use.

Action:

Identify and stop the process that's listening on port 8081 or configure this application to listen on another port.

2024-09-05T11:42:02.720-05:00  INFO 23816 --- [main] c.k.pdfImage.Application                 : Starting Application using Java 20.0.2 with PID 23816 (C:\Users\Ranjan\Yendira\Pdf2Image\build\classes\java\main started by Ranjan in C:\Users\Ranjan\Yendira\Pdf2Image)
2024-09-05T11:42:02.722-05:00  INFO 23816 --- [main] c.k.pdfImage.Application                 : No active profile set, falling back to 1 default profile: "default"
2024-09-05T11:42:03.651-05:00  INFO 23816 --- [main] o.s.b.w.embedded.tomcat.TomcatWebServer  : Tomcat initialized with port 8186 (http)
2024-09-05T11:42:03.661-05:00  INFO 23816 --- [main] o.apache.catalina.core.StandardService   : Starting service [Tomcat]
2024-09-05T11:42:03.661-05:00  INFO 23816 --- [main] o.apache.catalina.core.StandardEngine    : Starting Servlet engine: [Apache Tomcat/10.1.28]
2024-09-05T11:42:03.712-05:00  INFO 23816 --- [main] o.a.c.c.C.[Tomcat].[localhost].[/]       : Initializing Spring embedded WebApplicationContext
2024-09-05T11:42:03.712-05:00  INFO 23816 --- [main] w.s.c.ServletWebServerApplicationContext : Root WebApplicationContext: initialization completed in 949 ms
2024-09-05T11:42:04.146-05:00  INFO 23816 --- [main] o.s.b.w.embedded.tomcat.TomcatWebServer  : Tomcat started on port 8186 (http) with context path '/'
2024-09-05T11:42:04.155-05:00  INFO 23816 --- [main] c.k.pdfImage.Application                 : Started Application in 1.846 seconds (process running for 2.172)
